c:\users\rehma\desktop\asad-driver\build\kernal-mode_intermediates\vc143.pdb
c:\users\rehma\desktop\asad-driver\build\kernal-mode_intermediates\main.obj
c:\users\rehma\desktop\asad-driver\build\kernal-mode\kernal-mode.cat
c:\users\rehma\desktop\asad-driver\build\kernal-mode.sys
c:\users\rehma\desktop\asad-driver\build\kernal-mode.pdb
c:\users\rehma\desktop\asad-driver\build\kernal-mode_intermediates\kernal-mode.inf
c:\users\rehma\desktop\asad-driver\build\kernal-mode.cer
c:\users\rehma\desktop\asad-driver\build\kernal-mode.inf
c:\users\rehma\desktop\asad-driver\build\kernal-mode_intermediates\kernal-mode.vcxproj.filelistabsolute.txt
c:\users\rehma\desktop\asad-driver\build\kernal-mode_intermediates\kernal-mode.tlog\cl.command.1.tlog
c:\users\rehma\desktop\asad-driver\build\kernal-mode_intermediates\kernal-mode.tlog\cl.items.tlog
c:\users\rehma\desktop\asad-driver\build\kernal-mode_intermediates\kernal-mode.tlog\cl.read.1.tlog
c:\users\rehma\desktop\asad-driver\build\kernal-mode_intermediates\kernal-mode.tlog\cl.write.1.tlog
c:\users\rehma\desktop\asad-driver\build\kernal-mode_intermediates\kernal-mode.tlog\inf2cat-expand.13332.read.1.tlog
c:\users\rehma\desktop\asad-driver\build\kernal-mode_intermediates\kernal-mode.tlog\inf2cat-expand.13332.write.1.tlog
c:\users\rehma\desktop\asad-driver\build\kernal-mode_intermediates\kernal-mode.tlog\inf2cat-expand.15020.read.1.tlog
c:\users\rehma\desktop\asad-driver\build\kernal-mode_intermediates\kernal-mode.tlog\inf2cat-expand.15020.write.1.tlog
c:\users\rehma\desktop\asad-driver\build\kernal-mode_intermediates\kernal-mode.tlog\inf2cat-expand.17104.read.1.tlog
c:\users\rehma\desktop\asad-driver\build\kernal-mode_intermediates\kernal-mode.tlog\inf2cat-expand.17104.write.1.tlog
c:\users\rehma\desktop\asad-driver\build\kernal-mode_intermediates\kernal-mode.tlog\inf2cat-expand.17540.read.1.tlog
c:\users\rehma\desktop\asad-driver\build\kernal-mode_intermediates\kernal-mode.tlog\inf2cat-expand.17540.write.1.tlog
c:\users\rehma\desktop\asad-driver\build\kernal-mode_intermediates\kernal-mode.tlog\inf2cat-expand.18300.read.1.tlog
c:\users\rehma\desktop\asad-driver\build\kernal-mode_intermediates\kernal-mode.tlog\inf2cat-expand.18300.write.1.tlog
c:\users\rehma\desktop\asad-driver\build\kernal-mode_intermediates\kernal-mode.tlog\inf2cat-expand.20224.read.1.tlog
c:\users\rehma\desktop\asad-driver\build\kernal-mode_intermediates\kernal-mode.tlog\inf2cat-expand.20224.write.1.tlog
c:\users\rehma\desktop\asad-driver\build\kernal-mode_intermediates\kernal-mode.tlog\inf2cat-expand.21676.read.1.tlog
c:\users\rehma\desktop\asad-driver\build\kernal-mode_intermediates\kernal-mode.tlog\inf2cat-expand.21676.write.1.tlog
c:\users\rehma\desktop\asad-driver\build\kernal-mode_intermediates\kernal-mode.tlog\inf2cat-expand.23404.read.1.tlog
c:\users\rehma\desktop\asad-driver\build\kernal-mode_intermediates\kernal-mode.tlog\inf2cat-expand.23404.write.1.tlog
c:\users\rehma\desktop\asad-driver\build\kernal-mode_intermediates\kernal-mode.tlog\inf2cat-expand.23716.read.1.tlog
c:\users\rehma\desktop\asad-driver\build\kernal-mode_intermediates\kernal-mode.tlog\inf2cat-expand.23716.write.1.tlog
c:\users\rehma\desktop\asad-driver\build\kernal-mode_intermediates\kernal-mode.tlog\inf2cat-expand.23816.read.1.tlog
c:\users\rehma\desktop\asad-driver\build\kernal-mode_intermediates\kernal-mode.tlog\inf2cat-expand.23816.write.1.tlog
c:\users\rehma\desktop\asad-driver\build\kernal-mode_intermediates\kernal-mode.tlog\inf2cat-expand.23828.read.1.tlog
c:\users\rehma\desktop\asad-driver\build\kernal-mode_intermediates\kernal-mode.tlog\inf2cat-expand.23828.write.1.tlog
c:\users\rehma\desktop\asad-driver\build\kernal-mode_intermediates\kernal-mode.tlog\inf2cat-expand.31308.read.1.tlog
c:\users\rehma\desktop\asad-driver\build\kernal-mode_intermediates\kernal-mode.tlog\inf2cat-expand.31308.write.1.tlog
c:\users\rehma\desktop\asad-driver\build\kernal-mode_intermediates\kernal-mode.tlog\inf2cat-expand.4900.read.1.tlog
c:\users\rehma\desktop\asad-driver\build\kernal-mode_intermediates\kernal-mode.tlog\inf2cat-expand.4900.write.1.tlog
c:\users\rehma\desktop\asad-driver\build\kernal-mode_intermediates\kernal-mode.tlog\inf2cat-expand.read.1.tlog
c:\users\rehma\desktop\asad-driver\build\kernal-mode_intermediates\kernal-mode.tlog\inf2cat-expand.write.1.tlog
c:\users\rehma\desktop\asad-driver\build\kernal-mode_intermediates\kernal-mode.tlog\inf2cat.command.1.tlog
c:\users\rehma\desktop\asad-driver\build\kernal-mode_intermediates\kernal-mode.tlog\inf2cat.read.1.tlog
c:\users\rehma\desktop\asad-driver\build\kernal-mode_intermediates\kernal-mode.tlog\inf2cat.write.1.tlog
c:\users\rehma\desktop\asad-driver\build\kernal-mode_intermediates\kernal-mode.tlog\link.command.1.tlog
c:\users\rehma\desktop\asad-driver\build\kernal-mode_intermediates\kernal-mode.tlog\link.read.1.tlog
c:\users\rehma\desktop\asad-driver\build\kernal-mode_intermediates\kernal-mode.tlog\link.secondary.1.tlog
c:\users\rehma\desktop\asad-driver\build\kernal-mode_intermediates\kernal-mode.tlog\link.write.1.tlog
c:\users\rehma\desktop\asad-driver\build\kernal-mode_intermediates\kernal-mode.tlog\signtool.command.1.tlog
c:\users\rehma\desktop\asad-driver\build\kernal-mode_intermediates\kernal-mode.tlog\signtool.read.1.tlog
c:\users\rehma\desktop\asad-driver\build\kernal-mode_intermediates\kernal-mode.tlog\signtool.timestamp.1.tlog
c:\users\rehma\desktop\asad-driver\build\kernal-mode_intermediates\kernal-mode.tlog\signtool.write.1.tlog
c:\users\rehma\desktop\asad-driver\build\kernal-mode_intermediates\kernal-mode.tlog\stampinf.command.1.tlog
c:\users\rehma\desktop\asad-driver\build\kernal-mode_intermediates\kernal-mode.tlog\stampinf.read.1.tlog
c:\users\rehma\desktop\asad-driver\build\kernal-mode_intermediates\kernal-mode.tlog\stampinf.write.1.tlog
